C:\USERS\V1\DOCUMENTS\JULIA\LAB_1\LAB1\LAB1\DEBUG\MAIN.OBJ
C:\USERS\V1\DOCUMENTS\JULIA\LAB_1\LAB1\LAB1\DEBUG\VC110.PDB
C:\USERS\SP10A\DESKTOP\DIPLOM\PUTI\LAB1\LAB1\DEBUG\VC110.PDB
C:\USERS\V1\DOCUMENTS\JULIA\LAB_1\LAB1\LAB1\DEBUG\LAB1.ILK
C:\USERS\V1\DOCUMENTS\JULIA\LAB_1\LAB1\LAB1\DEBUG\LAB1.EXE
C:\USERS\V1\DOCUMENTS\JULIA\LAB_1\LAB1\LAB1\DEBUG\LAB1.PDB
C:\Users\sp10a\Desktop\Diplom\Puti\lab1\lab1\Debug\lab1.ilk
C:\Users\sp10a\Desktop\Diplom\Puti\lab1\lab1\Debug\cl.command.1.tlog
C:\Users\sp10a\Desktop\Diplom\Puti\lab1\lab1\Debug\CL.read.1.tlog
C:\Users\sp10a\Desktop\Diplom\Puti\lab1\lab1\Debug\CL.write.1.tlog
C:\Users\sp10a\Desktop\Diplom\Puti\lab1\lab1\Debug\link-cvtres.read.1.tlog
C:\Users\sp10a\Desktop\Diplom\Puti\lab1\lab1\Debug\link-cvtres.write.1.tlog
C:\Users\sp10a\Desktop\Diplom\Puti\lab1\lab1\Debug\link-rc.read.1.tlog
C:\Users\sp10a\Desktop\Diplom\Puti\lab1\lab1\Debug\link-rc.write.1.tlog
C:\Users\sp10a\Desktop\Diplom\Puti\lab1\lab1\Debug\link.command.1.tlog
C:\Users\sp10a\Desktop\Diplom\Puti\lab1\lab1\Debug\link.read.1.tlog
C:\Users\sp10a\Desktop\Diplom\Puti\lab1\lab1\Debug\link.write.1.tlog
C:\Users\sp10a\Desktop\Diplom\Puti\lab1\lab1\Debug\vc110.idb
C:\Users\sp10a\Desktop\Diplom\Puti\lab1\lab1\Debug\lab1.pdb
C:\Users\sp10a\Desktop\Diplom\Puti\lab1\lab1\Debug\vc110.pdb
C:\Users\sp10a\Desktop\Diplom\Puti\lab1\lab1\Debug\lab1.exe
